MMIO map allocated, index 0 (located /dev/shm/mmio.2942974362703600) =>
		Host app virtual addr   = 0x7fa9be621000
		HW physical addr (byte) = 0x5641821000
		HW physical addr (line) = 0x159060840
		Workspace size (bytes)  = 524288
UMAS allocated, index 1 (located /dev/shm/umas.2942974362703600) =>
		Host app virtual addr   = 0x7fa9bbbf4000
		HW physical addr (byte) = 0x56445f4000
		HW physical addr (line) = 0x159117d00
		Workspace size (bytes)  = 2097152
Pinned host memory page =>
		Host app virtual addr   = 0x7fa9be6eb000
		HW physical addr (byte) = 0x5641914000
		HW physical addr (line) = 0x159064500
		Page size (bytes)       = 4096
Unpinned host memory page =>
		HW physical addr (byte) = 0x5641914000
		HW physical addr (line) = 0x159064500
		Page size (bytes)       = 4096
Buffer deallocated, index 1 (located /dev/shm/umas.2942974362703600) =>
		Host app virtual addr   = 0x7fa9bbbf4000
		HW physical addr (byte) = 0x56445f4000
		HW physical addr (line) = 0x159117d00
		Workspace size (bytes)  = 2097152
Buffer deallocated, index 0 (located /dev/shm/mmio.2942974362703600) =>
		Host app virtual addr   = 0x7fa9be621000
		HW physical addr (byte) = 0x5641821000
		HW physical addr (line) = 0x159060840
		Workspace size (bytes)  = 524288
